c:\users\matohara.fumiya\desktop\hew\hew_version1\x64\debug\vc140.pdb
c:\users\matohara.fumiya\desktop\hew\hew_version1\x64\debug\vc140.idb
c:\users\matohara.fumiya\desktop\hew\hew_version1\x64\debug\field.obj
c:\users\matohara.fumiya\desktop\hew\hew_version1\x64\debug\game.obj
c:\users\matohara.fumiya\desktop\hew\hew_version1\x64\debug\input.obj
c:\users\matohara.fumiya\desktop\hew\hew_version1\x64\debug\light.obj
c:\users\matohara.fumiya\desktop\hew\hew_version1\x64\debug\main.obj
c:\users\matohara.fumiya\desktop\hew\hew_version1\x64\debug\menu.obj
c:\users\matohara.fumiya\desktop\hew\hew_version1\x64\debug\noize.obj
c:\users\matohara.fumiya\desktop\hew\hew_version1\x64\debug\player.obj
c:\users\matohara.fumiya\desktop\hew\hew_version1\x64\debug\player_bullet.obj
c:\users\matohara.fumiya\desktop\hew\hew_version1\x64\debug\player_cursor.obj
c:\users\matohara.fumiya\desktop\hew\hew_version1\x64\debug\player_gun.obj
c:\users\matohara.fumiya\desktop\hew\hew_version1\x64\debug\player_skilldef.obj
c:\users\matohara.fumiya\desktop\hew\hew_version1\x64\debug\player_skillnor.obj
c:\users\matohara.fumiya\desktop\hew\hew_version1\x64\debug\player_skillsup.obj
c:\users\matohara.fumiya\desktop\hew\hew_version1\x64\debug\result.obj
c:\users\matohara.fumiya\desktop\hew\hew_version1\x64\debug\shadow.obj
c:\users\matohara.fumiya\desktop\hew\hew_version1\x64\debug\sound.obj
c:\users\matohara.fumiya\desktop\hew\hew_version1\x64\debug\timer.obj
c:\users\matohara.fumiya\desktop\hew\hew_version1\x64\debug\title.obj
c:\users\matohara.fumiya\desktop\hew\hew_version1\x64\debug\ui.obj
c:\users\matohara.fumiya\desktop\hew\hew_version1\x64\debug\call.obj
c:\users\matohara.fumiya\desktop\hew\hew_version1\x64\debug\camera.obj
c:\users\matohara.fumiya\desktop\hew\hew_version1\x64\debug\checkhit.obj
c:\users\matohara.fumiya\desktop\hew\hew_version1\x64\debug\debugproc.obj
c:\users\matohara.fumiya\desktop\hew\hew_version1\x64\debug\effect.obj
c:\users\matohara.fumiya\desktop\hew\hew_version1\x64\debug\enemy.obj
c:\users\matohara.fumiya\desktop\hew\hew_version1\x64\debug\enemy_bullet.obj
c:\users\matohara.fumiya\desktop\hew\hew_version1\x64\debug\enemy_cursor.obj
c:\users\matohara.fumiya\desktop\hew\hew_version1\x64\debug\enemy_gun.obj
c:\users\matohara.fumiya\desktop\hew\hew_version1\x64\debug\enemy_skilldef.obj
c:\users\matohara.fumiya\desktop\hew\hew_version1\x64\debug\enemy_skillnor.obj
c:\users\matohara.fumiya\desktop\hew\hew_version1\x64\debug\enemy_skillsup.obj
c:\users\matohara.fumiya\desktop\hew\hew_version1\x64\debug\fade.obj
c:\users\matohara.fumiya\desktop\hew\x64\debug\hew_version1.pdb
c:\users\matohara.fumiya\desktop\hew\hew_version1\x64\debug\hew_version1.tlog\cl.command.1.tlog
c:\users\matohara.fumiya\desktop\hew\hew_version1\x64\debug\hew_version1.tlog\cl.read.1.tlog
c:\users\matohara.fumiya\desktop\hew\hew_version1\x64\debug\hew_version1.tlog\cl.write.1.tlog
c:\users\matohara.fumiya\desktop\hew\hew_version1\x64\debug\hew_version1.tlog\link-cvtres.read.1.tlog
c:\users\matohara.fumiya\desktop\hew\hew_version1\x64\debug\hew_version1.tlog\link-cvtres.write.1.tlog
c:\users\matohara.fumiya\desktop\hew\hew_version1\x64\debug\hew_version1.tlog\link-rc.read.1.tlog
c:\users\matohara.fumiya\desktop\hew\hew_version1\x64\debug\hew_version1.tlog\link-rc.write.1.tlog
c:\users\matohara.fumiya\desktop\hew\hew_version1\x64\debug\hew_version1.tlog\link.command.1.tlog
c:\users\matohara.fumiya\desktop\hew\hew_version1\x64\debug\hew_version1.tlog\link.read.1.tlog
c:\users\matohara.fumiya\desktop\hew\hew_version1\x64\debug\hew_version1.tlog\link.write.1.tlog
