  camera.cpp
  checkhit.cpp
checkhit.cpp(153): warning C4244: '=': 'float' から 'int' への変換です。データが失われる可能性があります。
checkhit.cpp(171): warning C4244: '=': 'float' から 'int' への変換です。データが失われる可能性があります。
  enemy.cpp
enemy.cpp(51): warning C4244: '=': 'float' から 'int' への変換です。データが失われる可能性があります。
  enemy_cursor.cpp
  enemy_gun.cpp
enemy_gun.cpp(108): warning C4244: '=': 'double' から 'float' への変換です。データが失われる可能性があります。
  enemy_skillDef.cpp
  enemy_skillNor.cpp
enemy_skillNor.cpp(111): warning C4244: '=': 'double' から 'float' への変換です。データが失われる可能性があります。
  enemy_skillSup.cpp
enemy_skillSup.cpp(109): warning C4244: '=': 'double' から 'float' への変換です。データが失われる可能性があります。
  fade.cpp
  game.cpp
  noize.cpp
  player.cpp
  player_bullet.cpp
  player_cursor.cpp
  player_gun.cpp
player_gun.cpp(139): warning C4244: '=': 'double' から 'float' への変換です。データが失われる可能性があります。
  player_skillDef.cpp
  player_skillNor.cpp
player_skillNor.cpp(111): warning C4244: '=': 'double' から 'float' への変換です。データが失われる可能性があります。
  player_skillSup.cpp
player_skillSup.cpp(109): warning C4244: '=': 'double' から 'float' への変換です。データが失われる可能性があります。
  timer.cpp
  ui.cpp
ui.cpp(60): warning C4244: '=': 'float' から 'int' への変換です。データが失われる可能性があります。
  コード生成しています。
  53 of 318 functions (16.7%) were compiled, the rest were copied from previous compilation.
    0 functions were new in current compilation
    6 functions had inline decision re-evaluated but remain unchanged
  コード生成が終了しました。
  HEW_version1.vcxproj -> D:\vs_project\HEW ver003\Release\HEW_version1.exe
  HEW_version1.vcxproj -> D:\vs_project\HEW ver003\Release\HEW_version1.pdb (Full PDB)
