d:\projects\hew_version1\hew_version1\debug\vc140.pdb
d:\projects\hew_version1\hew_version1\debug\vc140.idb
d:\projects\hew_version1\hew_version1\debug\field.obj
d:\projects\hew_version1\hew_version1\debug\game.obj
d:\projects\hew_version1\hew_version1\debug\input.obj
d:\projects\hew_version1\hew_version1\debug\light.obj
d:\projects\hew_version1\hew_version1\debug\main.obj
d:\projects\hew_version1\hew_version1\debug\menu.obj
d:\projects\hew_version1\hew_version1\debug\noize.obj
d:\projects\hew_version1\hew_version1\debug\player.obj
d:\projects\hew_version1\hew_version1\debug\player_bullet.obj
d:\projects\hew_version1\hew_version1\debug\player_cursor.obj
d:\projects\hew_version1\hew_version1\debug\player_gun.obj
d:\projects\hew_version1\hew_version1\debug\player_skilldef.obj
d:\projects\hew_version1\hew_version1\debug\player_skillnor.obj
d:\projects\hew_version1\hew_version1\debug\player_skillsup.obj
d:\projects\hew_version1\hew_version1\debug\result.obj
d:\projects\hew_version1\hew_version1\debug\shadow.obj
d:\projects\hew_version1\hew_version1\debug\sound.obj
d:\projects\hew_version1\hew_version1\debug\timer.obj
d:\projects\hew_version1\hew_version1\debug\title.obj
d:\projects\hew_version1\hew_version1\debug\ui.obj
d:\projects\hew_version1\hew_version1\debug\call.obj
d:\projects\hew_version1\hew_version1\debug\camera.obj
d:\projects\hew_version1\hew_version1\debug\checkhit.obj
d:\projects\hew_version1\hew_version1\debug\debugproc.obj
d:\projects\hew_version1\hew_version1\debug\effect.obj
d:\projects\hew_version1\hew_version1\debug\enemy.obj
d:\projects\hew_version1\hew_version1\debug\enemy_bullet.obj
d:\projects\hew_version1\hew_version1\debug\enemy_cursor.obj
d:\projects\hew_version1\hew_version1\debug\enemy_gun.obj
d:\projects\hew_version1\hew_version1\debug\enemy_skilldef.obj
d:\projects\hew_version1\hew_version1\debug\enemy_skillnor.obj
d:\projects\hew_version1\hew_version1\debug\enemy_skillsup.obj
d:\projects\hew_version1\hew_version1\debug\fade.obj
c:\users\kimura.takumi\desktop\hew_version1\hew_version1\debug\vc140.pdb
c:\users\kimura.takumi\desktop\hew_version1\hew_version1\debug\vc140.idb
c:\users\kimura.takumi\desktop\hew_version1\hew_version1\debug\field.obj
c:\users\kimura.takumi\desktop\hew_version1\hew_version1\debug\game.obj
c:\users\kimura.takumi\desktop\hew_version1\hew_version1\debug\input.obj
c:\users\kimura.takumi\desktop\hew_version1\hew_version1\debug\light.obj
c:\users\kimura.takumi\desktop\hew_version1\hew_version1\debug\main.obj
c:\users\kimura.takumi\desktop\hew_version1\hew_version1\debug\menu.obj
c:\users\kimura.takumi\desktop\hew_version1\hew_version1\debug\noize.obj
c:\users\kimura.takumi\desktop\hew_version1\hew_version1\debug\player.obj
c:\users\kimura.takumi\desktop\hew_version1\hew_version1\debug\player_bullet.obj
c:\users\kimura.takumi\desktop\hew_version1\hew_version1\debug\player_cursor.obj
c:\users\kimura.takumi\desktop\hew_version1\hew_version1\debug\player_gun.obj
c:\users\kimura.takumi\desktop\hew_version1\hew_version1\debug\player_skilldef.obj
c:\users\kimura.takumi\desktop\hew_version1\hew_version1\debug\player_skillnor.obj
c:\users\kimura.takumi\desktop\hew_version1\hew_version1\debug\player_skillsup.obj
c:\users\kimura.takumi\desktop\hew_version1\hew_version1\debug\result.obj
c:\users\kimura.takumi\desktop\hew_version1\hew_version1\debug\shadow.obj
c:\users\kimura.takumi\desktop\hew_version1\hew_version1\debug\sound.obj
c:\users\kimura.takumi\desktop\hew_version1\hew_version1\debug\timer.obj
c:\users\kimura.takumi\desktop\hew_version1\hew_version1\debug\title.obj
c:\users\kimura.takumi\desktop\hew_version1\hew_version1\debug\ui.obj
c:\users\kimura.takumi\desktop\hew_version1\hew_version1\debug\call.obj
c:\users\kimura.takumi\desktop\hew_version1\hew_version1\debug\camera.obj
c:\users\kimura.takumi\desktop\hew_version1\hew_version1\debug\checkhit.obj
c:\users\kimura.takumi\desktop\hew_version1\hew_version1\debug\debugproc.obj
c:\users\kimura.takumi\desktop\hew_version1\hew_version1\debug\effect.obj
c:\users\kimura.takumi\desktop\hew_version1\hew_version1\debug\enemy.obj
c:\users\kimura.takumi\desktop\hew_version1\hew_version1\debug\enemy_bullet.obj
c:\users\kimura.takumi\desktop\hew_version1\hew_version1\debug\enemy_cursor.obj
c:\users\kimura.takumi\desktop\hew_version1\hew_version1\debug\enemy_gun.obj
c:\users\kimura.takumi\desktop\hew_version1\hew_version1\debug\enemy_skilldef.obj
c:\users\kimura.takumi\desktop\hew_version1\hew_version1\debug\enemy_skillnor.obj
c:\users\kimura.takumi\desktop\hew_version1\hew_version1\debug\enemy_skillsup.obj
c:\users\kimura.takumi\desktop\hew_version1\hew_version1\debug\fade.obj
d:\projects\hew_version1\debug\hew_version1.ilk
d:\projects\hew_version1\debug\hew_version1.exe
d:\projects\hew_version1\debug\hew_version1.pdb
c:\users\kimura.takumi\desktop\hew_version1\debug\hew_version1.ilk
c:\users\kimura.takumi\desktop\hew_version1\debug\hew_version1.exe
c:\users\kimura.takumi\desktop\hew_version1\debug\hew_version1.pdb
c:\users\matohara.fumiya\desktop\hew\hew_version1\debug\call.obj
c:\users\matohara.fumiya\desktop\hew\hew_version1\debug\camera.obj
c:\users\matohara.fumiya\desktop\hew\hew_version1\debug\checkhit.obj
c:\users\matohara.fumiya\desktop\hew\hew_version1\debug\debugproc.obj
c:\users\matohara.fumiya\desktop\hew\hew_version1\debug\effect.obj
c:\users\matohara.fumiya\desktop\hew\hew_version1\debug\enemy.obj
c:\users\matohara.fumiya\desktop\hew\hew_version1\debug\enemy_bullet.obj
c:\users\matohara.fumiya\desktop\hew\hew_version1\debug\enemy_cursor.obj
c:\users\matohara.fumiya\desktop\hew\hew_version1\debug\enemy_gun.obj
c:\users\matohara.fumiya\desktop\hew\hew_version1\debug\enemy_skilldef.obj
c:\users\matohara.fumiya\desktop\hew\hew_version1\debug\enemy_skillnor.obj
c:\users\matohara.fumiya\desktop\hew\hew_version1\debug\enemy_skillsup.obj
c:\users\matohara.fumiya\desktop\hew\hew_version1\debug\fade.obj
c:\users\matohara.fumiya\desktop\hew\hew_version1\debug\field.obj
c:\users\matohara.fumiya\desktop\hew\hew_version1\debug\game.obj
c:\users\matohara.fumiya\desktop\hew\hew_version1\debug\input.obj
c:\users\matohara.fumiya\desktop\hew\hew_version1\debug\light.obj
c:\users\matohara.fumiya\desktop\hew\hew_version1\debug\main.obj
c:\users\matohara.fumiya\desktop\hew\hew_version1\debug\menu.obj
c:\users\matohara.fumiya\desktop\hew\hew_version1\debug\noize.obj
c:\users\matohara.fumiya\desktop\hew\hew_version1\debug\player.obj
c:\users\matohara.fumiya\desktop\hew\hew_version1\debug\player_bullet.obj
c:\users\matohara.fumiya\desktop\hew\hew_version1\debug\player_cursor.obj
c:\users\matohara.fumiya\desktop\hew\hew_version1\debug\player_gun.obj
c:\users\matohara.fumiya\desktop\hew\hew_version1\debug\player_skilldef.obj
c:\users\matohara.fumiya\desktop\hew\hew_version1\debug\player_skillnor.obj
c:\users\matohara.fumiya\desktop\hew\hew_version1\debug\player_skillsup.obj
c:\users\matohara.fumiya\desktop\hew\hew_version1\debug\result.obj
c:\users\matohara.fumiya\desktop\hew\hew_version1\debug\shadow.obj
c:\users\matohara.fumiya\desktop\hew\hew_version1\debug\sound.obj
c:\users\matohara.fumiya\desktop\hew\hew_version1\debug\timer.obj
c:\users\matohara.fumiya\desktop\hew\hew_version1\debug\title.obj
c:\users\matohara.fumiya\desktop\hew\hew_version1\debug\ui.obj
c:\users\matohara.fumiya\desktop\hew\hew_version1\debug\vc140.idb
c:\users\matohara.fumiya\desktop\hew\hew_version1\debug\vc140.pdb
c:\users\matohara.fumiya\desktop\hew\debug\hew_version1.pdb
c:\users\matohara.fumiya\desktop\hew\debug\hew_version1.exe
c:\users\matohara.fumiya\desktop\hew\debug\hew_version1.ilk
c:\users\matohara.fumiya\desktop\hew\hew_version1\debug\hew_version1.tlog\cl.command.1.tlog
c:\users\matohara.fumiya\desktop\hew\hew_version1\debug\hew_version1.tlog\cl.read.1.tlog
c:\users\matohara.fumiya\desktop\hew\hew_version1\debug\hew_version1.tlog\cl.write.1.tlog
c:\users\matohara.fumiya\desktop\hew\hew_version1\debug\hew_version1.tlog\link.command.1.tlog
c:\users\matohara.fumiya\desktop\hew\hew_version1\debug\hew_version1.tlog\link.read.1.tlog
c:\users\matohara.fumiya\desktop\hew\hew_version1\debug\hew_version1.tlog\link.write.1.tlog
