2018/03/09 8:16:14 にビルドを開始しました。
     1>ノード 2 上のプロジェクト "C:\Users\matohara.fumiya\Desktop\HEW\HEW_version1\HEW_version1.vcxproj" (Build ターゲット)。
     1>ClCompile:
         C:\Program Files (x86)\Microsoft Visual Studio 14.0\VC\bin\CL.exe /c /ZI /nologo /W3 /WX- /Od /Oy- /D WIN32 /D _DEBUG /D _WINDOWS /D _MBCS /Gm /EHsc /RTC1 /MDd /GS /fp:precise /Zc:wchar_t /Zc:forScope /Zc:inline /Fo"Debug\\" /Fd"Debug\vc140.pdb" /Gd /TP /analyze- /errorReport:prompt menu.cpp
         menu.cpp
       Link:
         C:\Program Files (x86)\Microsoft Visual Studio 14.0\VC\bin\link.exe /ERRORREPORT:PROMPT /OUT:"C:\Users\matohara.fumiya\Desktop\HEW\Debug\HEW_version1.exe" /INCREMENTAL /NOLOGO kernel32.lib user32.lib gdi32.lib winspool.lib comdlg32.lib advapi32.lib shell32.lib ole32.lib oleaut32.lib uuid.lib odbc32.lib odbccp32.lib /MANIFEST /MANIFESTUAC:"level='asInvoker' uiAccess='false'" /manifest:embed /Debug /PDB:"C:\Users\matohara.fumiya\Desktop\HEW\Debug\HEW_version1.pdb" /SUBSYSTEM:WINDOWS /TLBID:1 /DYNAMICBASE /NXCOMPAT /IMPLIB:"C:\Users\matohara.fumiya\Desktop\HEW\Debug\HEW_version1.lib" /MACHINE:X86 Debug\call.obj
         Debug\camera.obj
         Debug\checkhit.obj
         Debug\debugproc.obj
         Debug\effect.obj
         Debug\enemy.obj
         Debug\enemy_bullet.obj
         Debug\enemy_cursor.obj
         Debug\enemy_gun.obj
         Debug\enemy_skillDef.obj
         Debug\enemy_skillNor.obj
         Debug\enemy_skillSup.obj
         Debug\fade.obj
         Debug\field.obj
         Debug\game.obj
         Debug\input.obj
         Debug\light.obj
         Debug\main.obj
         Debug\menu.obj
         Debug\noize.obj
         Debug\player.obj
         Debug\player_bullet.obj
         Debug\player_cursor.obj
         Debug\player_gun.obj
         Debug\player_skillDef.obj
         Debug\player_skillNor.obj
         Debug\player_skillSup.obj
         Debug\result.obj
         Debug\shadow.obj
         Debug\sound.obj
         Debug\timer.obj
         Debug\title.obj
         Debug\ui.obj
         HEW_version1.vcxproj -> C:\Users\matohara.fumiya\Desktop\HEW\Debug\HEW_version1.exe
     1>プロジェクト "C:\Users\matohara.fumiya\Desktop\HEW\HEW_version1\HEW_version1.vcxproj" (Build ターゲット) のビルドが完了しました。

ビルドに成功しました。

経過時間 00:00:01.57
